<?xml version="1.0" encoding="UTF-8"?>
<!-- Generated by org.testng.reporters.JUnitReportReporter -->
<testsuite skipped="0" hostname="dell-PC" name="tests.ReadExcel" tests="1" failures="0" timestamp="22 Feb 2018 05:30:24 GMT" time="1.020" errors="0">
  <testcase name="readData" time="1.020" classname="tests.ReadExcel"/>
</testsuite> <!-- tests.ReadExcel -->
