<?xml version="1.0" encoding="UTF-8"?>
<!-- Generated by org.testng.reporters.JUnitReportReporter -->
<testsuite skipped="0" hostname="dell-PC" name="tests.CreateLeads" tests="1" failures="0" timestamp="21 Feb 2018 05:08:10 GMT" time="17.557" errors="0">
  <testcase name="createLead" time="17.557" classname="tests.CreateLeads"/>
</testsuite> <!-- tests.CreateLeads -->
