<?xml version="1.0" encoding="UTF-8"?>
<!-- Generated by org.testng.reporters.JUnitReportReporter -->
<testsuite skipped="0" hostname="dell-PC" name="tests.Findleads" tests="1" failures="0" timestamp="21 Feb 2018 05:08:10 GMT" time="19.123" errors="0">
  <testcase name="editLead" time="19.123" classname="tests.Findleads"/>
</testsuite> <!-- tests.Findleads -->
