<?xml version="1.0" encoding="UTF-8"?>
<!-- Generated by org.testng.reporters.JUnitReportReporter -->
<testsuite skipped="0" hostname="dell-PC" name="seleniumautomation.WriteExcel" tests="1" failures="0" timestamp="22 Feb 2018 06:58:12 GMT" time="0.715" errors="0">
  <testcase name="writeExcel" time="0.715" classname="seleniumautomation.WriteExcel"/>
</testsuite> <!-- seleniumautomation.WriteExcel -->
