<?xml version="1.0" encoding="UTF-8"?>
<!-- Generated by org.testng.reporters.JUnitReportReporter -->
<testsuite skipped="0" hostname="dell-PC" name="tests.LearnDragDrop" tests="1" failures="0" timestamp="23 Feb 2018 07:45:19 GMT" time="9.437" errors="0">
  <testcase name="learnDragDrop" time="9.437" classname="tests.LearnDragDrop"/>
</testsuite> <!-- tests.LearnDragDrop -->
